2026-02-12 15:37:14
OrderID: 3510001
HTTP CODE: 500
Response: {"timestamp":"2026-02-12T15:37:14.152+00:00","status":500,"error":"Internal Server Error","path":"/api/v1/common/enquiry/isPaid/3510001"}
Error: 

2026-02-12 15:58:20
OrderID: 3540009
HTTP CODE: 500
Response: {"timestamp":"2026-02-12T15:58:20.093+00:00","status":500,"error":"Internal Server Error","path":"/api/v1/common/enquiry/isPaid/3540009"}
Error: 

2026-02-12 16:05:16
OrderID: 3540127
HTTP CODE: 500
Response: {"timestamp":"2026-02-12T16:05:15.920+00:00","status":500,"error":"Internal Server Error","path":"/api/v1/common/enquiry/isPaid/3540127"}
Error: 

2026-02-12 16:09:04
OrderID: 3540302
HTTP CODE: 500
Response: {"timestamp":"2026-02-12T16:09:04.032+00:00","status":500,"error":"Internal Server Error","path":"/api/v1/common/enquiry/isPaid/3540302"}
Error: 

2026-02-12 16:09:56
OrderID: 3540353
HTTP CODE: 500
Response: {"timestamp":"2026-02-12T16:09:55.973+00:00","status":500,"error":"Internal Server Error","path":"/api/v1/common/enquiry/isPaid/3540353"}
Error: 

2026-02-12 16:15:37
OrderID: 3540545
HTTP CODE: 500
Response: {"timestamp":"2026-02-12T16:15:36.994+00:00","status":500,"error":"Internal Server Error","path":"/api/v1/common/enquiry/isPaid/3540545"}
Error: 

2026-02-12 16:17:01
OrderID: 3540662
HTTP CODE: 500
Response: {"timestamp":"2026-02-12T16:17:01.095+00:00","status":500,"error":"Internal Server Error","path":"/api/v1/common/enquiry/isPaid/3540662"}
Error: 

2026-02-12 16:19:43
OrderID: 698dfd93ca60d
HTTP CODE: 500
Response: {"timestamp":"2026-02-12T16:19:43.263+00:00","status":500,"error":"Internal Server Error","path":"/api/v1/common/enquiry/isPaid/698"}
Error: 

2026-02-12 16:20:51
OrderID: 3540850
HTTP CODE: 500
Response: {"timestamp":"2026-02-12T16:20:51.218+00:00","status":500,"error":"Internal Server Error","path":"/api/v1/common/enquiry/isPaid/3540850"}
Error: 

2026-02-12 16:20:52
OrderID: 3540847
HTTP CODE: 500
Response: {"timestamp":"2026-02-12T16:20:52.403+00:00","status":500,"error":"Internal Server Error","path":"/api/v1/common/enquiry/isPaid/3540847"}
Error: 

2026-02-12 16:21:28
OrderID: 3540862
HTTP CODE: 500
Response: {"timestamp":"2026-02-12T16:21:28.081+00:00","status":500,"error":"Internal Server Error","path":"/api/v1/common/enquiry/isPaid/3540862"}
Error: 

2026-02-12 16:22:17
OrderID: 3540913
HTTP CODE: 500
Response: {"timestamp":"2026-02-12T16:22:17.075+00:00","status":500,"error":"Internal Server Error","path":"/api/v1/common/enquiry/isPaid/3540913"}
Error: 

2026-02-12 16:31:30
OrderID: 3541479
HTTP CODE: 500
Response: {"timestamp":"2026-02-12T16:31:30.215+00:00","status":500,"error":"Internal Server Error","path":"/api/v1/common/enquiry/isPaid/3541479"}
Error: 

2026-02-12 16:33:33
OrderID: 3541543
HTTP CODE: 500
Response: {"timestamp":"2026-02-12T16:33:33.693+00:00","status":500,"error":"Internal Server Error","path":"/api/v1/common/enquiry/isPaid/3541543"}
Error: 

2026-02-12 16:34:08
OrderID: 3541588
HTTP CODE: 500
Response: {"timestamp":"2026-02-12T16:34:08.393+00:00","status":500,"error":"Internal Server Error","path":"/api/v1/common/enquiry/isPaid/3541588"}
Error: 

2026-02-12 16:35:33
OrderID: 3541620
HTTP CODE: 500
Response: {"timestamp":"2026-02-12T16:35:33.288+00:00","status":500,"error":"Internal Server Error","path":"/api/v1/common/enquiry/isPaid/3541620"}
Error: 

2026-02-12 16:45:27
OrderID: 698e038c6baf6
HTTP CODE: 500
Response: {"timestamp":"2026-02-12T16:45:27.719+00:00","status":500,"error":"Internal Server Error","path":"/api/v1/common/enquiry/isPaid/9223372036854775807"}
Error: 

2026-02-12 17:16:29
OrderID: 3541683
HTTP CODE: 200
Response: {"id":3541683,"timestamp":null,"message":"Assigned to Aab","path":null,"status":"OK","statusCode":200,"success":true}
Error: 

2026-02-12 18:00:21
OrderID: 698e15235b239
HTTP CODE: 500
Response: {"timestamp":"2026-02-12T18:00:21.547+00:00","status":500,"error":"Internal Server Error","path":"/api/v1/common/enquiry/isPaid/0"}
Error: 

2026-02-12 18:09:37
OrderID: 698e17491832c
HTTP CODE: 500
Response: {"timestamp":"2026-02-12T18:09:36.940+00:00","status":500,"error":"Internal Server Error","path":"/api/v1/common/enquiry/isPaid/0"}
Error: 

2026-02-13 15:48:53
OrderID: 698f47d29cb6f
HTTP CODE: 500
Response: {"timestamp":"2026-02-13T15:48:53.294+00:00","status":500,"error":"Internal Server Error","path":"/api/v1/common/enquiry/isPaid/698"}
Error: 

2026-02-13 15:57:29
OrderID: 3720058
HTTP CODE: 200
Response: {"id":3720058,"timestamp":null,"message":"Assigned to Rahul","path":null,"status":"OK","statusCode":200,"success":true}
Error: 

2026-02-13 15:58:28
OrderID: 3720091
HTTP CODE: 200
Response: {"id":3720091,"timestamp":null,"message":"Assigned to Aab","path":null,"status":"OK","statusCode":200,"success":true}
Error: 

2026-02-13 16:17:08
OrderID: 3720589
HTTP CODE: 200
Response: {"id":3720589,"timestamp":null,"message":"Assigned to Rahul","path":null,"status":"OK","statusCode":200,"success":true}
Error: 

2026-02-13 16:19:37
OrderID: 3720667
HTTP CODE: 200
Response: {"id":3720667,"timestamp":null,"message":"Assigned to Aab","path":null,"status":"OK","statusCode":200,"success":true}
Error: 

2026-02-13 16:20:49
OrderID: 3720740
HTTP CODE: 200
Response: {"id":3720740,"timestamp":null,"message":"Assigned to Rahul","path":null,"status":"OK","statusCode":200,"success":true}
Error: 

2026-02-13 16:21:36
OrderID: 3720772
HTTP CODE: 200
Response: {"id":3720772,"timestamp":null,"message":"Assigned to Aab","path":null,"status":"OK","statusCode":200,"success":true}
Error: 

2026-02-13 16:26:42
OrderID: 3720902
HTTP CODE: 200
Response: {"id":3720902,"timestamp":null,"message":"Assigned to Rahul","path":null,"status":"OK","statusCode":200,"success":true}
Error: 

2026-02-13 16:28:28
OrderID: 3720946
HTTP CODE: 200
Response: {"id":3720946,"timestamp":null,"message":"Assigned to Aab","path":null,"status":"OK","statusCode":200,"success":true}
Error: 

2026-02-13 16:28:57
OrderID: 3720982
HTTP CODE: 200
Response: {"id":3720982,"timestamp":null,"message":"Assigned to Rahul","path":null,"status":"OK","statusCode":200,"success":true}
Error: 

2026-02-13 16:29:36
OrderID: 3721004
HTTP CODE: 200
Response: {"id":3721004,"timestamp":null,"message":"Assigned to Aab","path":null,"status":"OK","statusCode":200,"success":true}
Error: 

2026-02-13 16:30:07
OrderID: 3721020
HTTP CODE: 200
Response: {"id":3721020,"timestamp":null,"message":"Assigned to Rahul","path":null,"status":"OK","statusCode":200,"success":true}
Error: 

2026-02-13 16:32:06
OrderID: 3721086
HTTP CODE: 200
Response: {"id":3721086,"timestamp":null,"message":"Assigned to Aab","path":null,"status":"OK","statusCode":200,"success":true}
Error: 

2026-02-13 16:35:09
OrderID: 3721226
HTTP CODE: 200
Response: {"id":3721226,"timestamp":null,"message":"Assigned to Rahul","path":null,"status":"OK","statusCode":200,"success":true}
Error: 

2026-02-13 16:38:08
OrderID: 3721332
HTTP CODE: 200
Response: {"id":3721332,"timestamp":null,"message":"Assigned to Aab","path":null,"status":"OK","statusCode":200,"success":true}
Error: 

2026-02-13 16:42:12
OrderID: 3721470
HTTP CODE: 200
Response: {"id":3721470,"timestamp":null,"message":"Assigned to Rahul","path":null,"status":"OK","statusCode":200,"success":true}
Error: 

2026-02-13 16:43:24
OrderID: 3721505
HTTP CODE: 200
Response: {"id":3721505,"timestamp":null,"message":"Assigned to Aab","path":null,"status":"OK","statusCode":200,"success":true}
Error: 

2026-02-13 16:44:05
OrderID: 3721480
HTTP CODE: 200
Response: {"id":3721480,"timestamp":null,"message":"Assigned to Rahul","path":null,"status":"OK","statusCode":200,"success":true}
Error: 

2026-02-13 16:44:07
OrderID: 3721506
HTTP CODE: 200
Response: {"id":3721506,"timestamp":null,"message":"Assigned to Aab","path":null,"status":"OK","statusCode":200,"success":true}
Error: 

2026-02-13 16:45:00
OrderID: 3721541
HTTP CODE: 200
Response: {"id":3721541,"timestamp":null,"message":"Assigned to Rahul","path":null,"status":"OK","statusCode":200,"success":true}
Error: 

2026-02-13 16:47:44
OrderID: 3721668
HTTP CODE: 200
Response: {"id":3721668,"timestamp":null,"message":"Assigned to Aab","path":null,"status":"OK","statusCode":200,"success":true}
Error: 

2026-02-13 16:47:50
OrderID: 3721673
HTTP CODE: 200
Response: {"id":3721673,"timestamp":null,"message":"Assigned to Rahul","path":null,"status":"OK","statusCode":200,"success":true}
Error: 

2026-02-13 16:48:03
OrderID: 3721688
HTTP CODE: 200
Response: {"id":3721688,"timestamp":null,"message":"Assigned to Aab","path":null,"status":"OK","statusCode":200,"success":true}
Error: 

2026-02-13 16:48:44
OrderID: 3721519
HTTP CODE: 200
Response: {"id":3721519,"timestamp":null,"message":"Assigned to Rahul","path":null,"status":"OK","statusCode":200,"success":true}
Error: 

2026-02-13 16:49:59
OrderID: 3721773
HTTP CODE: 200
Response: {"id":3721773,"timestamp":null,"message":"Assigned to Aab","path":null,"status":"OK","statusCode":200,"success":true}
Error: 

2026-02-13 16:50:34
OrderID: 3721786
HTTP CODE: 200
Response: {"id":3721786,"timestamp":null,"message":"Assigned to Rahul","path":null,"status":"OK","statusCode":200,"success":true}
Error: 

2026-02-13 16:51:29
OrderID: 3721802
HTTP CODE: 200
Response: {"id":3721802,"timestamp":null,"message":"Assigned to Aab","path":null,"status":"OK","statusCode":200,"success":true}
Error: 

2026-02-13 16:51:39
OrderID: 3721833
HTTP CODE: 200
Response: {"id":3721833,"timestamp":null,"message":"Assigned to Rahul","path":null,"status":"OK","statusCode":200,"success":true}
Error: 

2026-02-13 16:56:40
OrderID: 3722031
HTTP CODE: 200
Response: {"id":3722031,"timestamp":null,"message":"Assigned to Aab","path":null,"status":"OK","statusCode":200,"success":true}
Error: 

2026-02-13 16:57:00
OrderID: 3722041
HTTP CODE: 200
Response: {"id":3722041,"timestamp":null,"message":"Assigned to Rahul","path":null,"status":"OK","statusCode":200,"success":true}
Error: 

2026-02-13 16:58:20
OrderID: 3722079
HTTP CODE: 200
Response: {"id":3722079,"timestamp":null,"message":"Assigned to Aab","path":null,"status":"OK","statusCode":200,"success":true}
Error: 

2026-02-13 16:59:20
OrderID: 3722116
HTTP CODE: 200
Response: {"id":3722116,"timestamp":null,"message":"Assigned to Rahul","path":null,"status":"OK","statusCode":200,"success":true}
Error: 

2026-02-13 17:01:13
OrderID: 3722166
HTTP CODE: 200
Response: {"id":3722166,"timestamp":null,"message":"Assigned to Aab","path":null,"status":"OK","statusCode":200,"success":true}
Error: 

2026-02-13 17:03:05
OrderID: 3722249
HTTP CODE: 200
Response: {"id":3722249,"timestamp":null,"message":"Assigned to Rahul","path":null,"status":"OK","statusCode":200,"success":true}
Error: 

2026-02-13 17:03:50
OrderID: 3722283
HTTP CODE: 200
Response: {"id":3722283,"timestamp":null,"message":"Assigned to Aab","path":null,"status":"OK","statusCode":200,"success":true}
Error: 

2026-02-13 17:14:14
OrderID: 3722570
HTTP CODE: 200
Response: {"id":3722570,"timestamp":null,"message":"Assigned to Rahul","path":null,"status":"OK","statusCode":200,"success":true}
Error: 

2026-02-13 17:14:31
OrderID: 3722548
HTTP CODE: 200
Response: {"id":3722548,"timestamp":null,"message":"Assigned to Aab","path":null,"status":"OK","statusCode":200,"success":true}
Error: 

2026-02-13 17:21:56
OrderID: 3722874
HTTP CODE: 200
Response: {"id":3722874,"timestamp":null,"message":"Assigned to Rahul","path":null,"status":"OK","statusCode":200,"success":true}
Error: 

2026-02-13 17:22:26
OrderID: 698f5dae27ded
HTTP CODE: 500
Response: {"timestamp":"2026-02-13T17:22:26.366+00:00","status":500,"error":"Internal Server Error","path":"/api/v1/common/enquiry/isPaid/698"}
Error: 

2026-02-13 17:23:06
OrderID: 3722921
HTTP CODE: 200
Response: {"id":3722921,"timestamp":null,"message":"Assigned to Aab","path":null,"status":"OK","statusCode":200,"success":true}
Error: 

2026-02-13 17:28:58
OrderID: 3723166
HTTP CODE: 200
Response: {"id":3723166,"timestamp":null,"message":"Assigned to Aab","path":null,"status":"OK","statusCode":200,"success":true}
Error: 

2026-02-13 17:30:57
OrderID: 3723287
HTTP CODE: 200
Response: {"id":3723287,"timestamp":null,"message":"Assigned to Aab","path":null,"status":"OK","statusCode":200,"success":true}
Error: 

2026-02-13 17:34:12
OrderID: 3723389
HTTP CODE: 200
Response: {"id":3723389,"timestamp":null,"message":"No available employee","path":null,"status":"OK","statusCode":200,"success":true}
Error: 

2026-02-13 17:35:38
OrderID: 3723417
HTTP CODE: 200
Response: {"id":3723417,"timestamp":null,"message":"No available employee","path":null,"status":"OK","statusCode":200,"success":true}
Error: 

2026-02-13 17:38:39
OrderID: 3723525
HTTP CODE: 200
Response: {"id":3723525,"timestamp":null,"message":"No available employee","path":null,"status":"OK","statusCode":200,"success":true}
Error: 

2026-02-13 17:45:47
OrderID: 3723818
HTTP CODE: 200
Response: {"id":3723818,"timestamp":null,"message":"No available employee","path":null,"status":"OK","statusCode":200,"success":true}
Error: 

2026-02-13 17:49:33
OrderID: 3723938
HTTP CODE: 200
Response: {"id":3723938,"timestamp":null,"message":"No available employee","path":null,"status":"OK","statusCode":200,"success":true}
Error: 

2026-02-13 17:56:54
OrderID: 3724199
HTTP CODE: 200
Response: {"id":3724199,"timestamp":null,"message":"No available employee","path":null,"status":"OK","statusCode":200,"success":true}
Error: 

2026-02-13 17:57:33
OrderID: 698f65f9adfbb
HTTP CODE: 500
Response: {"timestamp":"2026-02-13T17:57:33.857+00:00","status":500,"error":"Internal Server Error","path":"/api/v1/common/enquiry/isPaid/698"}
Error: 

2026-02-13 17:59:20
OrderID: 3724213
HTTP CODE: 200
Response: {"id":3724213,"timestamp":null,"message":"No available employee","path":null,"status":"OK","statusCode":200,"success":true}
Error: 

2026-02-13 18:01:03
OrderID: 3724345
HTTP CODE: 200
Response: {"id":3724345,"timestamp":null,"message":"No available employee","path":null,"status":"OK","statusCode":200,"success":true}
Error: 

2026-02-13 18:01:38
OrderID: 3724363
HTTP CODE: 200
Response: {"id":3724363,"timestamp":null,"message":"No available employee","path":null,"status":"OK","statusCode":200,"success":true}
Error: 

2026-02-13 18:02:55
OrderID: 3724404
HTTP CODE: 200
Response: {"id":3724404,"timestamp":null,"message":"No available employee","path":null,"status":"OK","statusCode":200,"success":true}
Error: 

2026-02-13 18:05:48
OrderID: 3724487
HTTP CODE: 200
Response: {"id":3724487,"timestamp":null,"message":"No available employee","path":null,"status":"OK","statusCode":200,"success":true}
Error: 

2026-02-13 18:06:38
OrderID: 3724517
HTTP CODE: 200
Response: {"id":3724517,"timestamp":null,"message":"No available employee","path":null,"status":"OK","statusCode":200,"success":true}
Error: 

2026-02-13 18:07:08
OrderID: 698f6820780ed
HTTP CODE: 500
Response: {"timestamp":"2026-02-13T18:07:08.904+00:00","status":500,"error":"Internal Server Error","path":"/api/v1/common/enquiry/isPaid/698"}
Error: 

2026-02-13 18:08:37
OrderID: 3724548
HTTP CODE: 200
Response: {"id":3724548,"timestamp":null,"message":"No available employee","path":null,"status":"OK","statusCode":200,"success":true}
Error: 

2026-02-13 18:14:13
OrderID: 698f69e738db4
HTTP CODE: 500
Response: {"timestamp":"2026-02-13T18:14:13.535+00:00","status":500,"error":"Internal Server Error","path":"/api/v1/common/enquiry/isPaid/698"}
Error: 

2026-02-13 18:15:31
OrderID: 3724769
HTTP CODE: 200
Response: {"id":3724769,"timestamp":null,"message":"No available employee","path":null,"status":"OK","statusCode":200,"success":true}
Error: 

2026-02-13 18:15:51
OrderID: 3724806
HTTP CODE: 200
Response: {"id":3724806,"timestamp":null,"message":"No available employee","path":null,"status":"OK","statusCode":200,"success":true}
Error: 

2026-02-13 18:16:55
OrderID: 3724838
HTTP CODE: 200
Response: {"id":3724838,"timestamp":null,"message":"No available employee","path":null,"status":"OK","statusCode":200,"success":true}
Error: 

2026-02-13 18:17:36
OrderID: 3724835
HTTP CODE: 200
Response: {"id":3724835,"timestamp":null,"message":"No available employee","path":null,"status":"OK","statusCode":200,"success":true}
Error: 

2026-02-13 18:28:16
OrderID: 3725155
HTTP CODE: 200
Response: {"id":3725155,"timestamp":null,"message":"No available employee","path":null,"status":"OK","statusCode":200,"success":true}
Error: 

2026-02-13 18:33:17
OrderID: 3725319
HTTP CODE: 200
Response: {"id":3725319,"timestamp":null,"message":"No available employee","path":null,"status":"OK","statusCode":200,"success":true}
Error: 

2026-02-13 18:34:48
OrderID: 3725342
HTTP CODE: 200
Response: {"id":3725342,"timestamp":null,"message":"No available employee","path":null,"status":"OK","statusCode":200,"success":true}
Error: 

2026-02-13 18:38:20
OrderID: 3725229
HTTP CODE: 200
Response: {"id":3725229,"timestamp":null,"message":"No available employee","path":null,"status":"OK","statusCode":200,"success":true}
Error: 

2026-02-13 18:39:29
OrderID: 3725462
HTTP CODE: 200
Response: {"id":3725462,"timestamp":null,"message":"No available employee","path":null,"status":"OK","statusCode":200,"success":true}
Error: 

2026-02-13 18:40:00
OrderID: 3725489
HTTP CODE: 200
Response: {"id":3725489,"timestamp":null,"message":"No available employee","path":null,"status":"OK","statusCode":200,"success":true}
Error: 

2026-02-13 18:42:40
OrderID: 698f708ad6b3c
HTTP CODE: 500
Response: {"timestamp":"2026-02-13T18:42:40.261+00:00","status":500,"error":"Internal Server Error","path":"/api/v1/common/enquiry/isPaid/698"}
Error: 

2026-02-13 18:48:09
OrderID: 3725635
HTTP CODE: 200
Response: {"id":3725635,"timestamp":null,"message":"No available employee","path":null,"status":"OK","statusCode":200,"success":true}
Error: 

2026-02-13 18:49:14
OrderID: 3725642
HTTP CODE: 200
Response: {"id":3725642,"timestamp":null,"message":"No available employee","path":null,"status":"OK","statusCode":200,"success":true}
Error: 

2026-02-14 15:46:53
OrderID: 3900158
HTTP CODE: 200
Response: {"id":3900158,"timestamp":null,"message":"No available employee","path":null,"status":"OK","statusCode":200,"success":true}
Error: 

2026-02-14 15:48:20
OrderID: 3900207
HTTP CODE: 200
Response: {"id":3900207,"timestamp":null,"message":"No available employee","path":null,"status":"OK","statusCode":200,"success":true}
Error: 

2026-02-14 15:59:51
OrderID: 3900507
HTTP CODE: 200
Response: {"id":3900507,"timestamp":null,"message":"No available employee","path":null,"status":"OK","statusCode":200,"success":true}
Error: 

2026-02-14 16:05:07
OrderID: 3900631
HTTP CODE: 200
Response: {"id":3900631,"timestamp":null,"message":"No available employee","path":null,"status":"OK","statusCode":200,"success":true}
Error: 

2026-02-14 16:16:25
OrderID: 3900942
HTTP CODE: 200
Response: {"id":3900942,"timestamp":null,"message":"No available employee","path":null,"status":"OK","statusCode":200,"success":true}
Error: 

2026-02-14 16:17:58
OrderID: 3900989
HTTP CODE: 200
Response: {"id":3900989,"timestamp":null,"message":"No available employee","path":null,"status":"OK","statusCode":200,"success":true}
Error: 

2026-02-14 16:18:59
OrderID: 3901018
HTTP CODE: 200
Response: {"id":3901018,"timestamp":null,"message":"No available employee","path":null,"status":"OK","statusCode":200,"success":true}
Error: 

2026-02-14 16:19:37
OrderID: 3901056
HTTP CODE: 200
Response: {"id":3901056,"timestamp":null,"message":"No available employee","path":null,"status":"OK","statusCode":200,"success":true}
Error: 

2026-02-14 16:29:39
OrderID: 3901285
HTTP CODE: 200
Response: {"id":3901285,"timestamp":null,"message":"No available employee","path":null,"status":"OK","statusCode":200,"success":true}
Error: 

2026-02-14 16:33:21
OrderID: 3901430
HTTP CODE: 200
Response: {"id":3901430,"timestamp":null,"message":"No available employee","path":null,"status":"OK","statusCode":200,"success":true}
Error: 

2026-02-14 16:33:23
OrderID: 3901425
HTTP CODE: 200
Response: {"id":3901425,"timestamp":null,"message":"No available employee","path":null,"status":"OK","statusCode":200,"success":true}
Error: 

2026-02-14 16:35:45
OrderID: 3901504
HTTP CODE: 200
Response: {"id":3901504,"timestamp":null,"message":"No available employee","path":null,"status":"OK","statusCode":200,"success":true}
Error: 

2026-02-14 16:37:03
OrderID: 3901526
HTTP CODE: 200
Response: {"id":3901526,"timestamp":null,"message":"No available employee","path":null,"status":"OK","statusCode":200,"success":true}
Error: 

2026-02-14 16:38:17
OrderID: 3901576
HTTP CODE: 200
Response: {"id":3901576,"timestamp":null,"message":"No available employee","path":null,"status":"OK","statusCode":200,"success":true}
Error: 

2026-02-14 16:42:48
OrderID: 3901737
HTTP CODE: 200
Response: {"id":3901737,"timestamp":null,"message":"No available employee","path":null,"status":"OK","statusCode":200,"success":true}
Error: 

2026-02-14 16:43:15
OrderID: 3901751
HTTP CODE: 200
Response: {"id":3901751,"timestamp":null,"message":"No available employee","path":null,"status":"OK","statusCode":200,"success":true}
Error: 

2026-02-14 16:43:31
OrderID: 3901759
HTTP CODE: 200
Response: {"id":3901759,"timestamp":null,"message":"No available employee","path":null,"status":"OK","statusCode":200,"success":true}
Error: 

2026-02-14 16:44:03
OrderID: 3901787
HTTP CODE: 200
Response: {"id":3901787,"timestamp":null,"message":"No available employee","path":null,"status":"OK","statusCode":200,"success":true}
Error: 

2026-02-14 16:57:05
OrderID: 3902227
HTTP CODE: 200
Response: {"id":3902227,"timestamp":null,"message":"No available employee","path":null,"status":"OK","statusCode":200,"success":true}
Error: 

2026-02-14 16:58:37
OrderID: 3902264
HTTP CODE: 200
Response: {"id":3902264,"timestamp":null,"message":"No available employee","path":null,"status":"OK","statusCode":200,"success":true}
Error: 

2026-02-14 16:58:51
OrderID: 3902278
HTTP CODE: 200
Response: {"id":3902278,"timestamp":null,"message":"No available employee","path":null,"status":"OK","statusCode":200,"success":true}
Error: 

2026-02-14 17:02:56
OrderID: 6990aab32cd3e
HTTP CODE: 500
Response: {"timestamp":"2026-02-14T17:02:56.523+00:00","status":500,"error":"Internal Server Error","path":"/api/v1/common/enquiry/isPaid/6990"}
Error: 

2026-02-14 17:05:20
OrderID: 3902364
HTTP CODE: 200
Response: {"id":3902364,"timestamp":null,"message":"No available employee","path":null,"status":"OK","statusCode":200,"success":true}
Error: 

2026-02-14 17:05:55
OrderID: 3902413
HTTP CODE: 200
Response: {"id":3902413,"timestamp":null,"message":"No available employee","path":null,"status":"OK","statusCode":200,"success":true}
Error: 

2026-02-14 17:06:38
OrderID: 3902432
HTTP CODE: 200
Response: {"id":3902432,"timestamp":null,"message":"No available employee","path":null,"status":"OK","statusCode":200,"success":true}
Error: 

2026-02-14 17:12:16
OrderID: 3902561
HTTP CODE: 200
Response: {"id":3902561,"timestamp":null,"message":"No available employee","path":null,"status":"OK","statusCode":200,"success":true}
Error: 

2026-02-14 17:16:03
OrderID: 3902774
HTTP CODE: 200
Response: {"id":3902774,"timestamp":null,"message":"No available employee","path":null,"status":"OK","statusCode":200,"success":true}
Error: 

2026-02-14 17:18:09
OrderID: 3902865
HTTP CODE: 200
Response: {"id":3902865,"timestamp":null,"message":"No available employee","path":null,"status":"OK","statusCode":200,"success":true}
Error: 

2026-02-14 17:18:56
OrderID: 3902874
HTTP CODE: 200
Response: {"id":3902874,"timestamp":null,"message":"No available employee","path":null,"status":"OK","statusCode":200,"success":true}
Error: 

2026-02-14 17:22:38
OrderID: 3903008
HTTP CODE: 200
Response: {"id":3903008,"timestamp":null,"message":"No available employee","path":null,"status":"OK","statusCode":200,"success":true}
Error: 

2026-02-14 17:23:55
OrderID: 3903044
HTTP CODE: 200
Response: {"id":3903044,"timestamp":null,"message":"No available employee","path":null,"status":"OK","statusCode":200,"success":true}
Error: 

2026-02-14 17:33:02
OrderID: 3903227
HTTP CODE: 200
Response: {"id":3903227,"timestamp":null,"message":"No available employee","path":null,"status":"OK","statusCode":200,"success":true}
Error: 

2026-02-14 17:34:26
OrderID: 3903256
HTTP CODE: 200
Response: {"id":3903256,"timestamp":null,"message":"No available employee","path":null,"status":"OK","statusCode":200,"success":true}
Error: 

2026-02-14 17:34:28
OrderID: 3903263
HTTP CODE: 200
Response: {"id":3903263,"timestamp":null,"message":"No available employee","path":null,"status":"OK","statusCode":200,"success":true}
Error: 

2026-02-14 17:36:10
OrderID: 3903251
HTTP CODE: 200
Response: {"id":3903251,"timestamp":null,"message":"No available employee","path":null,"status":"OK","statusCode":200,"success":true}
Error: 

2026-02-14 17:38:18
OrderID: 3903372
HTTP CODE: 200
Response: {"id":3903372,"timestamp":null,"message":"No available employee","path":null,"status":"OK","statusCode":200,"success":true}
Error: 

2026-02-14 17:41:13
OrderID: 6990b3a582862
HTTP CODE: 500
Response: {"timestamp":"2026-02-14T17:41:13.159+00:00","status":500,"error":"Internal Server Error","path":"/api/v1/common/enquiry/isPaid/6990"}
Error: 

2026-02-14 17:45:51
OrderID: 3903606
HTTP CODE: 200
Response: {"id":3903606,"timestamp":null,"message":"No available employee","path":null,"status":"OK","statusCode":200,"success":true}
Error: 

2026-02-14 17:47:13
OrderID: 3903650
HTTP CODE: 200
Response: {"id":3903650,"timestamp":null,"message":"No available employee","path":null,"status":"OK","statusCode":200,"success":true}
Error: 

2026-02-14 17:47:19
OrderID: 3903668
HTTP CODE: 200
Response: {"id":3903668,"timestamp":null,"message":"No available employee","path":null,"status":"OK","statusCode":200,"success":true}
Error: 

2026-02-14 17:48:58
OrderID: 3903737
HTTP CODE: 200
Response: {"id":3903737,"timestamp":null,"message":"No available employee","path":null,"status":"OK","statusCode":200,"success":true}
Error: 

2026-02-14 17:49:48
OrderID: 6990b5af0b1e6
HTTP CODE: 500
Response: {"timestamp":"2026-02-14T17:49:48.583+00:00","status":500,"error":"Internal Server Error","path":"/api/v1/common/enquiry/isPaid/6990"}
Error: 

2026-02-14 17:50:25
OrderID: 3903795
HTTP CODE: 200
Response: {"id":3903795,"timestamp":null,"message":"No available employee","path":null,"status":"OK","statusCode":200,"success":true}
Error: 

2026-02-14 17:51:27
OrderID: 3903854
HTTP CODE: 200
Response: {"id":3903854,"timestamp":null,"message":"No available employee","path":null,"status":"OK","statusCode":200,"success":true}
Error: 

2026-02-14 17:52:37
OrderID: 6990b656eddba
HTTP CODE: 500
Response: {"timestamp":"2026-02-14T17:52:37.721+00:00","status":500,"error":"Internal Server Error","path":"/api/v1/common/enquiry/isPaid/6990"}
Error: 

2026-02-14 17:54:05
OrderID: 3903947
HTTP CODE: 200
Response: {"id":3903947,"timestamp":null,"message":"No available employee","path":null,"status":"OK","statusCode":200,"success":true}
Error: 

2026-02-14 17:54:28
OrderID: 3903961
HTTP CODE: 200
Response: {"id":3903961,"timestamp":null,"message":"No available employee","path":null,"status":"OK","statusCode":200,"success":true}
Error: 

2026-02-14 17:56:43
OrderID: 3904047
HTTP CODE: 200
Response: {"id":3904047,"timestamp":null,"message":"No available employee","path":null,"status":"OK","statusCode":200,"success":true}
Error: 

2026-02-14 17:57:02
OrderID: 3904063
HTTP CODE: 200
Response: {"id":3904063,"timestamp":null,"message":"No available employee","path":null,"status":"OK","statusCode":200,"success":true}
Error: 

2026-02-14 17:58:42
OrderID: 3904093
HTTP CODE: 200
Response: {"id":3904093,"timestamp":null,"message":"No available employee","path":null,"status":"OK","statusCode":200,"success":true}
Error: 

2026-02-14 18:02:39
OrderID: 3904188
HTTP CODE: 200
Response: {"id":3904188,"timestamp":null,"message":"No available employee","path":null,"status":"OK","statusCode":200,"success":true}
Error: 

2026-02-14 18:05:07
OrderID: 3904234
HTTP CODE: 200
Response: {"id":3904234,"timestamp":null,"message":"No available employee","path":null,"status":"OK","statusCode":200,"success":true}
Error: 

2026-02-14 18:06:02
OrderID: 3904294
HTTP CODE: 200
Response: {"id":3904294,"timestamp":null,"message":"No available employee","path":null,"status":"OK","statusCode":200,"success":true}
Error: 

2026-02-14 18:07:43
OrderID: 3904357
HTTP CODE: 200
Response: {"id":3904357,"timestamp":null,"message":"No available employee","path":null,"status":"OK","statusCode":200,"success":true}
Error: 

2026-02-14 18:07:51
OrderID: 3904373
HTTP CODE: 200
Response: {"id":3904373,"timestamp":null,"message":"No available employee","path":null,"status":"OK","statusCode":200,"success":true}
Error: 

2026-02-14 18:09:16
OrderID: 3904403
HTTP CODE: 200
Response: {"id":3904403,"timestamp":null,"message":"No available employee","path":null,"status":"OK","statusCode":200,"success":true}
Error: 

2026-02-14 18:14:29
OrderID: 6990bb70c0ff2
HTTP CODE: 500
Response: {"timestamp":"2026-02-14T18:14:29.847+00:00","status":500,"error":"Internal Server Error","path":"/api/v1/common/enquiry/isPaid/6990"}
Error: 

2026-02-14 18:15:19
OrderID: 3904551
HTTP CODE: 200
Response: {"id":3904551,"timestamp":null,"message":"No available employee","path":null,"status":"OK","statusCode":200,"success":true}
Error: 

2026-02-14 18:19:43
OrderID: 3904687
HTTP CODE: 200
Response: {"id":3904687,"timestamp":null,"message":"No available employee","path":null,"status":"OK","statusCode":200,"success":true}
Error: 

2026-02-14 18:20:21
OrderID: 3904704
HTTP CODE: 200
Response: {"id":3904704,"timestamp":null,"message":"No available employee","path":null,"status":"OK","statusCode":200,"success":true}
Error: 

2026-02-14 18:21:33
OrderID: 3904757
HTTP CODE: 200
Response: {"id":3904757,"timestamp":null,"message":"No available employee","path":null,"status":"OK","statusCode":200,"success":true}
Error: 

2026-02-14 18:22:22
OrderID: 3904770
HTTP CODE: 200
Response: {"id":3904770,"timestamp":null,"message":"No available employee","path":null,"status":"OK","statusCode":200,"success":true}
Error: 

2026-02-14 18:23:19
OrderID: 3904790
HTTP CODE: 200
Response: {"id":3904790,"timestamp":null,"message":"No available employee","path":null,"status":"OK","statusCode":200,"success":true}
Error: 

2026-02-14 18:29:21
OrderID: 3904968
HTTP CODE: 200
Response: {"id":3904968,"timestamp":null,"message":"No available employee","path":null,"status":"OK","statusCode":200,"success":true}
Error: 

2026-02-14 18:31:08
OrderID: 3905018
HTTP CODE: 200
Response: {"id":3905018,"timestamp":null,"message":"No available employee","path":null,"status":"OK","statusCode":200,"success":true}
Error: 

2026-02-14 18:39:07
OrderID: 3905233
HTTP CODE: 200
Response: {"id":3905233,"timestamp":null,"message":"No available employee","path":null,"status":"OK","statusCode":200,"success":true}
Error: 

2026-02-14 18:41:10
OrderID: 3905318
HTTP CODE: 200
Response: {"id":3905318,"timestamp":null,"message":"No available employee","path":null,"status":"OK","statusCode":200,"success":true}
Error: 

2026-02-14 18:41:42
OrderID: 3905323
HTTP CODE: 200
Response: {"id":3905323,"timestamp":null,"message":"No available employee","path":null,"status":"OK","statusCode":200,"success":true}
Error: 

2026-02-14 18:49:57
OrderID: 6990c3bbe9444
HTTP CODE: 500
Response: {"timestamp":"2026-02-14T18:49:57.926+00:00","status":500,"error":"Internal Server Error","path":"/api/v1/common/enquiry/isPaid/6990"}
Error: 

2026-02-14 18:50:00
OrderID: 3905499
HTTP CODE: 200
Response: {"id":3905499,"timestamp":null,"message":"No available employee","path":null,"status":"OK","statusCode":200,"success":true}
Error: 

2026-02-14 18:51:29
OrderID: 3905527
HTTP CODE: 200
Response: {"id":3905527,"timestamp":null,"message":"No available employee","path":null,"status":"OK","statusCode":200,"success":true}
Error: 

2026-02-14 18:51:44
OrderID: 3905526
HTTP CODE: 200
Response: {"id":3905526,"timestamp":null,"message":"No available employee","path":null,"status":"OK","statusCode":200,"success":true}
Error: 

2026-02-14 18:55:57
OrderID: 3905667
HTTP CODE: 200
Response: {"id":3905667,"timestamp":null,"message":"No available employee","path":null,"status":"OK","statusCode":200,"success":true}
Error: 

2026-02-14 19:09:43
OrderID: 3905934
HTTP CODE: 200
Response: {"id":3905934,"timestamp":null,"message":"No available employee","path":null,"status":"OK","statusCode":200,"success":true}
Error: 

2026-02-14 19:15:24
OrderID: 6990c9bf18237
HTTP CODE: 500
Response: {"timestamp":"2026-02-14T19:15:24.327+00:00","status":500,"error":"Internal Server Error","path":"/api/v1/common/enquiry/isPaid/6990"}
Error: 

2026-02-14 19:17:26
OrderID: 3906078
HTTP CODE: 200
Response: {"id":3906078,"timestamp":null,"message":"No available employee","path":null,"status":"OK","statusCode":200,"success":true}
Error: 

2026-02-14 19:19:48
OrderID: 6990cac5c33d2
HTTP CODE: 500
Response: {"timestamp":"2026-02-14T19:19:48.852+00:00","status":500,"error":"Internal Server Error","path":"/api/v1/common/enquiry/isPaid/6990"}
Error: 

2026-02-14 19:20:11
OrderID: 3906110
HTTP CODE: 200
Response: {"id":3906110,"timestamp":null,"message":"No available employee","path":null,"status":"OK","statusCode":200,"success":true}
Error: 

2026-02-14 19:22:24
OrderID: 3906125
HTTP CODE: 200
Response: {"id":3906125,"timestamp":null,"message":"No available employee","path":null,"status":"OK","statusCode":200,"success":true}
Error: 

2026-02-14 19:41:31
OrderID: 6990cfce86a86
HTTP CODE: 500
Response: {"timestamp":"2026-02-14T19:41:31.740+00:00","status":500,"error":"Internal Server Error","path":"/api/v1/common/enquiry/isPaid/6990"}
Error: 

2026-02-14 20:23:50
OrderID: 6990d9bec5f99
HTTP CODE: 500
Response: {"timestamp":"2026-02-14T20:23:50.178+00:00","status":500,"error":"Internal Server Error","path":"/api/v1/common/enquiry/isPaid/6990"}
Error: 

